<?xml version="1.0" encoding="UTF-8"?>
<testsuite name="taskfirst.EmployeeTest" tests="4" skipped="0" failures="0" errors="0" timestamp="2022-09-05T12:59:41" hostname="Bartoszs-MacBook-Pro.local" time="0.103">
  <properties/>
  <testcase name="checkIfRemovingDevFromLeaderListWasSuccessful()" classname="taskfirst.EmployeeTest" time="0.019"/>
  <testcase name="checkIfAddingDevToLeaderListWasSuccessful()" classname="taskfirst.EmployeeTest" time="0.001"/>
  <testcase name="checkIfDevHasCorrectData()" classname="taskfirst.EmployeeTest" time="0.079"/>
  <testcase name="checkIfSalaryIsCalculateCorrectly()" classname="taskfirst.EmployeeTest" time="0.002"/>
  <system-out><![CDATA[]]></system-out>
  <system-err><![CDATA[]]></system-err>
</testsuite>
